<?xml version="1.0" encoding="UTF-8"?>
<!-- Generated by org.testng.reporters.JUnitXMLReporter -->
<testsuite hostname="DESKTOP-H2BO24O" ignored="0" name="Add Customer Test" tests="4" failures="0" timestamp="03 Oct 2022 04:13:42 GMT" time="10.685" errors="0">
  <testcase name="addCustomerTest" time="3.741" classname="com.w2a.testcases.AddCustomerTest"/>
  <testcase name="addCustomerTest" time="0.001" classname="com.w2a.testcases.AddCustomerTest">
    <skipped/>
  </testcase> <!-- addCustomerTest -->
  <testcase name="addCustomerTest" time="3.554" classname="com.w2a.testcases.AddCustomerTest"/>
  <testcase name="addCustomerTest" time="3.361" classname="com.w2a.testcases.AddCustomerTest"/>
</testsuite> <!-- Add Customer Test -->
